<?xml version="1.0" encoding="UTF-8"?>
<testng-results ignored="0" total="1" passed="1" failed="0" skipped="0">
  <reporter-output>
  </reporter-output>
  <suite started-at="2023-10-11T02:03:42 LINT" name="Default suite" finished-at="2023-10-11T02:03:51 LINT" duration-ms="8606">
    <groups>
    </groups>
    <test started-at="2023-10-11T02:03:42 LINT" name="Default test" finished-at="2023-10-11T02:03:51 LINT" duration-ms="8606">
      <class name="com.Runnerclass.TestCase">
        <test-method signature="Facebooklogin()[pri:0, instance:com.Runnerclass.TestCase@4d5650ae]" started-at="2023-10-11T02:03:42 LINT" name="Facebooklogin" finished-at="2023-10-11T02:03:51 LINT" duration-ms="8465" status="PASS">
          <reporter-output>
          </reporter-output>
        </test-method> <!-- Facebooklogin -->
      </class> <!-- com.Runnerclass.TestCase -->
    </test> <!-- Default test -->
  </suite> <!-- Default suite -->
</testng-results>
